<?xml version="1.0" encoding="UTF-8"?>
<!-- Generated by org.testng.reporters.JUnitXMLReporter -->
<testsuite ignored="0" hostname="DESKTOP-U704183" failures="0" tests="3" name="Default test" time="28.784" errors="0" timestamp="2023-12-04T16:06:20 PST">
  <testcase classname="magentoTestcases.myTestCases" name="SignTestCase" time="8.25"/>
  <testcase classname="magentoTestcases.myTestCases" name="LogOutTest" time="9.432"/>
  <testcase classname="magentoTestcases.myTestCases" name="LogInTest" time="6.034"/>
</testsuite> <!-- Default test -->
